<?xml version="1.0" encoding="UTF-8"?>
<!-- Generated by org.testng.reporters.JUnitXMLReporter -->
<testsuite ignored="0" hostname="DESKTOP-HGKCIT5" failures="0" tests="13" name="Test2" time="34.54" errors="0" timestamp="2022-02-10T07:02:32 GMT-08:00">
  <testcase classname="co.Testng1.OrangeHrm2" name="LanchUrrl1" time="12.234"/>
  <testcase classname="co.Testng1.OrangeHrm2" name="signin111" time="6.656"/>
  <testcase classname="co.Testng1.OrangeHrm2" name="Requirement" time="2.639"/>
  <testcase classname="co.Testng1.OrangeHrm2" name="Selectt" time="0.708"/>
  <testcase classname="co.Testng1.OrangeHrm2" name="DatePicker11" time="0.653"/>
  <testcase classname="co.Testng1.OrangeHrm2" name="Checkbox1" time="0.117"/>
  <testcase classname="co.Testng1.Signup_form" name="LaunchUrl1" time="7.361"/>
  <testcase classname="co.Testng1.Signup_form" name="Register" time="1.399"/>
  <testcase classname="co.Testng1.Signup_form" name="radio_button" time="0.165"/>
  <testcase classname="co.Testng1.Signup_form" name="Check_box" time="0.754"/>
  <testcase classname="co.Testng1.Signup_form" name="Drop_down" time="0.325"/>
  <testcase classname="co.Testng1.Signup_form" name="ActionclassKey" time="0.818"/>
  <testcase classname="co.Testng1.Signup_form" name="Date_pick" time="0.462"/>
</testsuite> <!-- Test2 -->
