<?xml version="1.0" encoding="UTF-8"?>
<!-- Generated by org.testng.reporters.JUnitXMLReporter -->
<testsuite ignored="0" hostname="DESKTOP-HGKCIT5" failures="0" tests="6" name="Default test" time="27.042" errors="0" timestamp="2022-02-14T10:39:19 GMT-08:00">
  <testcase classname="listners.testnglsner" name="LanchUrrl1" time="10.122"/>
  <testcase classname="listners.testnglsner" name="signin111" time="12.531"/>
  <testcase classname="listners.testnglsner" name="Requirement" time="2.792"/>
  <testcase classname="listners.testnglsner" name="Selectt" time="0.716"/>
  <testcase classname="listners.testnglsner" name="DatePicker11" time="0.645"/>
  <testcase classname="listners.testnglsner" name="Checkbox1" time="0.115"/>
</testsuite> <!-- Default test -->
