<?xml version="1.0" encoding="UTF-8"?>
<!-- Generated by org.testng.reporters.JUnitXMLReporter -->
<testsuite ignored="0" hostname="DESKTOP-HGKCIT5" failures="1" tests="11" name="Test" time="33.501" errors="0" timestamp="2022-02-10T05:20:15 GMT-08:00">
  <testcase classname="Testngg.Assignment1" name="LanchUrl" time="9.06"/>
  <testcase classname="Testngg.Assignment1" name="signin" time="6.201"/>
  <testcase classname="Testngg.Assignment1" name="DatePicker1" time="5.2"/>
  <testcase classname="Testngg.Assignment1" name="DatePicker2" time="0.759"/>
  <testcase classname="Testngg.Assignment1" name="click_search" time="0.833"/>
  <testcase classname="Testngg.Assignment1" name="close_driver" time="5.269"/>
  <testcase classname="Testngg.EXcel" name="Find_File" time="0.002">
    <failure type="java.lang.Error" message="Unresolved compilation problems: 
	XSSFWorkbook cannot be resolved to a type
	XSSFWorkbook cannot be resolved to a type
	XSSFSheet cannot be resolved to a type
	XSSFRow cannot be resolved to a type
">
      <![CDATA[java.lang.Error: Unresolved compilation problems: 
XSSFWorkbook cannot be resolved to a type
XSSFWorkbook cannot be resolved to a type
XSSFSheet cannot be resolved to a type
XSSFRow cannot be resolved to a type

at Testngg.EXcel.Find_File(EXcel.java:13)
at java.base/java.util.ArrayList.forEach(ArrayList.java:1511)
... Removed 27 stack frames]]>
    </failure>
  </testcase> <!-- Find_File -->
  <testcase classname="Testngg.Cookie1" name="Launch_url" time="4.784"/>
  <testcase classname="Testngg.Cookie1" name="Find_cookie" time="0.807"/>
  <testcase classname="Testngg.Cookie1" name="Add_cookie" time="0.168"/>
  <testcase classname="Testngg.Cookie1" name="deleate_cookies" time="0.275"/>
</testsuite> <!-- Test -->
